Using pre-set license
Built from '2020.3/staging' branch; Version is '2020.3.19f1 (68f137dc9bbe) revision 6877495'; Using compiler version '192528614'; Build Type 'Release'
OS: 'Windows 10 Pro; OS build 19043.1237; Version 2009; 64bit' Language: 'es' Physical Memory: 16342 MB
BatchMode: 1, IsHumanControllingUs: 0, StartBugReporterOnCrash: 0, Is64bit: 1, IsPro: 0

COMMAND LINE ARGUMENTS:
C:\Program Files\Unity\Hub\Editor\2020.3.19f1\Editor\Unity.exe
-adb2
-batchMode
-noUpm
-name
AssetImportWorker0
-projectPath
D:/Rafel_Bover/Proyectos_multimedia/github/Rafel_Bover_entregable1/entregable1
-logFile
Logs/AssetImportWorker0.log
-srvPort
52661
Successfully changed project path to: D:/Rafel_Bover/Proyectos_multimedia/github/Rafel_Bover_entregable1/entregable1
D:/Rafel_Bover/Proyectos_multimedia/github/Rafel_Bover_entregable1/entregable1
Using Asset Import Pipeline V2.
Refreshing native plugins compatible for Editor in 36.04 ms, found 2 plugins.
Preloading 0 native plugins for Editor in 0.00 ms.
Initialize engine version: 2020.3.19f1 (68f137dc9bbe)
[Subsystems] Discovering subsystems at path C:/Program Files/Unity/Hub/Editor/2020.3.19f1/Editor/Data/Resources/UnitySubsystems
[Subsystems] Discovering subsystems at path D:/Rafel_Bover/Proyectos_multimedia/github/Rafel_Bover_entregable1/entregable1/Assets
GfxDevice: creating device client; threaded=0
Direct3D:
    Version:  Direct3D 11.0 [level 11.1]
    Renderer: NVIDIA GeForce GTX 1050 Ti (ID=0x1c82)
    Vendor:   
    VRAM:     4018 MB
    Driver:   27.21.14.5671
Initialize mono
Mono path[0] = 'C:/Program Files/Unity/Hub/Editor/2020.3.19f1/Editor/Data/Managed'
Mono path[1] = 'C:/Program Files/Unity/Hub/Editor/2020.3.19f1/Editor/Data/MonoBleedingEdge/lib/mono/unityjit'
Mono config path = 'C:/Program Files/Unity/Hub/Editor/2020.3.19f1/Editor/Data/MonoBleedingEdge/etc'
Using monoOptions --debugger-agent=transport=dt_socket,embedding=1,server=y,suspend=n,address=127.0.0.1:56612
Begin MonoManager ReloadAssembly
Registering precompiled unity dll's ...
Register platform support module: C:/Program Files/Unity/Hub/Editor/2020.3.19f1/Editor/Data/PlaybackEngines/WindowsStandaloneSupport/UnityEditor.WindowsStandalone.Extensions.dll
Registered in 0.002047 seconds.
Native extension for WindowsStandalone target not found
Refreshing native plugins compatible for Editor in 29.15 ms, found 2 plugins.
Preloading 0 native plugins for Editor in 0.00 ms.
Mono: successfully reloaded assembly
- Completed reload, in  1.114 seconds
Domain Reload Profiling:
	ReloadAssembly (1114ms)
		BeginReloadAssembly (55ms)
			ExecutionOrderSort (0ms)
			DisableScriptedObjects (0ms)
			BackupInstance (0ms)
			ReleaseScriptingObjects (0ms)
			CreateAndSetChildDomain (1ms)
		EndReloadAssembly (430ms)
			LoadAssemblies (53ms)
			RebuildTransferFunctionScriptingTraits (0ms)
			SetupTypeCache (162ms)
			ReleaseScriptCaches (0ms)
			RebuildScriptCaches (32ms)
			SetupLoadedEditorAssemblies (159ms)
				LogAssemblyErrors (0ms)
				InitializePlatformSupportModulesInManaged (4ms)
				SetLoadedEditorAssemblies (0ms)
				RefreshPlugins (29ms)
				BeforeProcessingInitializeOnLoad (9ms)
				ProcessInitializeOnLoadAttributes (86ms)
				ProcessInitializeOnLoadMethodAttributes (30ms)
				AfterProcessingInitializeOnLoad (0ms)
				EditorAssembliesLoaded (0ms)
			ExecutionOrderSort2 (0ms)
			AwakeInstancesAfterBackupRestoration (0ms)
Platform modules already initialized, skipping
Registering precompiled user dll's ...
Registered in 0.001960 seconds.
Begin MonoManager ReloadAssembly
Native extension for WindowsStandalone target not found
Refreshing native plugins compatible for Editor in 0.33 ms, found 2 plugins.
Preloading 0 native plugins for Editor in 0.00 ms.
Mono: successfully reloaded assembly
- Completed reload, in  1.046 seconds
Domain Reload Profiling:
	ReloadAssembly (1046ms)
		BeginReloadAssembly (150ms)
			ExecutionOrderSort (0ms)
			DisableScriptedObjects (5ms)
			BackupInstance (0ms)
			ReleaseScriptingObjects (0ms)
			CreateAndSetChildDomain (18ms)
		EndReloadAssembly (829ms)
			LoadAssemblies (87ms)
			RebuildTransferFunctionScriptingTraits (0ms)
			SetupTypeCache (292ms)
			ReleaseScriptCaches (0ms)
			RebuildScriptCaches (43ms)
			SetupLoadedEditorAssemblies (305ms)
				LogAssemblyErrors (0ms)
				InitializePlatformSupportModulesInManaged (5ms)
				SetLoadedEditorAssemblies (0ms)
				RefreshPlugins (0ms)
				BeforeProcessingInitializeOnLoad (54ms)
				ProcessInitializeOnLoadAttributes (235ms)
				ProcessInitializeOnLoadMethodAttributes (5ms)
				AfterProcessingInitializeOnLoad (6ms)
				EditorAssembliesLoaded (0ms)
			ExecutionOrderSort2 (0ms)
			AwakeInstancesAfterBackupRestoration (8ms)
Platform modules already initialized, skipping
========================================================================
Worker process is ready to serve import requests
Launched and connected shader compiler UnityShaderCompiler.exe after 0.04 seconds
Refreshing native plugins compatible for Editor in 0.31 ms, found 2 plugins.
Preloading 0 native plugins for Editor in 0.00 ms.
Unloading 1397 Unused Serialized files (Serialized files now loaded: 0)
System memory in use before: 65.2 MB.
System memory in use after: 65.3 MB.

Unloading 16 unused Assets to reduce memory usage. Loaded Objects now: 1832.
Total: 3.008700 ms (FindLiveObjects: 0.191600 ms CreateObjectMapping: 0.066900 ms MarkObjects: 2.677100 ms  DeleteObjects: 0.071500 ms)

AssetImportParameters requested are different than current active one (requested -> active):
  custom:framework-win-MediaFoundation: 216162199b28c13a410421893ffa2e32 -> 
  custom:video-decoder-ogg-theora: a1e56fd34408186e4bbccfd4996cb3dc -> 
  custom:container-muxer-webm: aa71ff27fc2769a1b78a27578f13a17b -> 
  custom:container-demuxer-webm: 4f35f7cbe854078d1ac9338744f61a02 -> 
  custom:container-demuxer-ogg: 62fdf1f143b41e24485cea50d1cbac27 -> 
  custom:video-encoder-webm-vp8: eb34c28f22e8b96e1ab97ce403110664 -> 
  custom:video-decoder-webm-vp8: 9c59270c3fd7afecdb556c50c9e8de78 -> 
  custom:audio-decoder-ogg-vorbis: bf7c407c2cedff20999df2af8eb42d56 -> 
  custom:audio-encoder-webm-vorbis: bf7c407c2cedff20999df2af8eb42d56 -> 
========================================================================
Received Import Request.
  path: Assets/Scenes/SampleScene.unity
  artifactKey: Guid(9fc0d4010bbf28b4594072e72b8655ab) Importer(815301076,1909f56bfc062723c751e8b465ee728b)
Start importing Assets/Scenes/SampleScene.unity using Guid(9fc0d4010bbf28b4594072e72b8655ab) Importer(815301076,1909f56bfc062723c751e8b465ee728b)  -> (artifact id: '85059f4f9e1a832ed95adaa0d25c5c4c') in 0.011681 seconds 
  Import took 0.014320 seconds .

========================================================================
Received Import Request.
  Time since last request: 290.910258 seconds.
  path: Assets
  artifactKey: Guid(00000000000000001000000000000000) Importer(815301076,1909f56bfc062723c751e8b465ee728b)
Start importing Assets using Guid(00000000000000001000000000000000) Importer(815301076,1909f56bfc062723c751e8b465ee728b)  -> (artifact id: '42d402b061de3733987d63b9cc3b64de') in 0.001820 seconds 
  Import took 0.004713 seconds .

========================================================================
Received Import Request.
  Time since last request: 6.057992 seconds.
  path: Assets/Prefabs
  artifactKey: Guid(f470d82777719354aabb1a03a1dd1dd7) Importer(815301076,1909f56bfc062723c751e8b465ee728b)
Start importing Assets/Prefabs using Guid(f470d82777719354aabb1a03a1dd1dd7) Importer(815301076,1909f56bfc062723c751e8b465ee728b)  -> (artifact id: 'b60af8997ac44f842432c83afac45002') in 0.002674 seconds 
  Import took 0.005585 seconds .

========================================================================
Received Import Request.
  Time since last request: 25.904999 seconds.
  path: Assets/Prefabs/Player.prefab
  artifactKey: Guid(3dd0cd79aff19304c91baf10e24ba5cd) Importer(815301076,1909f56bfc062723c751e8b465ee728b)
Start importing Assets/Prefabs/Player.prefab using Guid(3dd0cd79aff19304c91baf10e24ba5cd) Importer(815301076,1909f56bfc062723c751e8b465ee728b)  -> (artifact id: '273e81fc023957853a37bb6a1c54a2cf') in 0.100523 seconds 
  Import took 0.103514 seconds .

========================================================================
Received Import Request.
  Time since last request: 25.043219 seconds.
  path: Assets/Materials
  artifactKey: Guid(a8337239b0ebec64d8d4f134e6a103a6) Importer(815301076,1909f56bfc062723c751e8b465ee728b)
Start importing Assets/Materials using Guid(a8337239b0ebec64d8d4f134e6a103a6) Importer(815301076,1909f56bfc062723c751e8b465ee728b)  -> (artifact id: '11110e7183f4ab5c45645d95dc038417') in 0.002413 seconds 
  Import took 0.005197 seconds .

========================================================================
Received Import Request.
  Time since last request: 12.459362 seconds.
  path: Assets/Materials/albedo_mat.mat
  artifactKey: Guid(6c1a8a796f2e5864682b1d43e1a63ed7) Importer(815301076,1909f56bfc062723c751e8b465ee728b)
Start importing Assets/Materials/albedo_mat.mat using Guid(6c1a8a796f2e5864682b1d43e1a63ed7) Importer(815301076,1909f56bfc062723c751e8b465ee728b)  -> (artifact id: '810d2dda99849be655519a95557c727f') in 0.035471 seconds 
  Import took 0.038322 seconds .

========================================================================
Received Import Request.
  Time since last request: 14.148636 seconds.
  path: Assets/Materials/transparent_mat.mat
  artifactKey: Guid(3e9198cb69adf5e4ab81c2e8eee38ab4) Importer(815301076,1909f56bfc062723c751e8b465ee728b)
Start importing Assets/Materials/transparent_mat.mat using Guid(3e9198cb69adf5e4ab81c2e8eee38ab4) Importer(815301076,1909f56bfc062723c751e8b465ee728b)  -> (artifact id: '383852ecbad28a3147940d311bfae558') in 0.011874 seconds 
  Import took 0.015042 seconds .

========================================================================
Received Import Request.
  Time since last request: 9.164669 seconds.
  path: Assets/Materials/texture_mat.mat
  artifactKey: Guid(f1365b25ea17eb24db70f4a15229939b) Importer(815301076,1909f56bfc062723c751e8b465ee728b)
Start importing Assets/Materials/texture_mat.mat using Guid(f1365b25ea17eb24db70f4a15229939b) Importer(815301076,1909f56bfc062723c751e8b465ee728b)  -> (artifact id: '12ef77b3af210e394eacb3a6c5c1c321') in 0.008877 seconds 
  Import took 0.012426 seconds .

========================================================================
Received Import Request.
  Time since last request: 103.304217 seconds.
  path: Assets/Texture
  artifactKey: Guid(a147f2e3a397f4c4f82397a1b8b8570e) Importer(815301076,1909f56bfc062723c751e8b465ee728b)
Start importing Assets/Texture using Guid(a147f2e3a397f4c4f82397a1b8b8570e) Importer(815301076,1909f56bfc062723c751e8b465ee728b)  -> (artifact id: 'baecf10e2bf72b10368e70860bb5026c') in 0.002132 seconds 
  Import took 0.005610 seconds .

========================================================================
Received Import Request.
  Time since last request: 45.930669 seconds.
  path: Assets/Materials/brick_tile.jfif
  artifactKey: Guid(63892ad6d01058848905794ee9936a95) Importer(815301076,1909f56bfc062723c751e8b465ee728b)
Start importing Assets/Materials/brick_tile.jfif using Guid(63892ad6d01058848905794ee9936a95) Importer(815301076,1909f56bfc062723c751e8b465ee728b)  -> (artifact id: 'de63572b0c011f2653799260435dbe07') in 0.010679 seconds 
  Import took 0.013051 seconds .

========================================================================
Received Import Request.
  Time since last request: 171.262153 seconds.
  path: Assets/Prefabs/Player (1) Variant.prefab
  artifactKey: Guid(8b8ac9d970e2eff48a7803433e550ee3) Importer(815301076,1909f56bfc062723c751e8b465ee728b)
Start importing Assets/Prefabs/Player (1) Variant.prefab using Guid(8b8ac9d970e2eff48a7803433e550ee3) Importer(815301076,1909f56bfc062723c751e8b465ee728b)  -> (artifact id: '9061ca7041d08011903fcbef9ef00c21') in 0.009381 seconds 
  Import took 0.012905 seconds .

========================================================================
Received Import Request.
  Time since last request: 9.893335 seconds.
  path: Assets/Prefabs/Player (1) Variant.prefab
  artifactKey: Guid(8b8ac9d970e2eff48a7803433e550ee3) Importer(815301076,1909f56bfc062723c751e8b465ee728b)
Start importing Assets/Prefabs/Player (1) Variant.prefab using Guid(8b8ac9d970e2eff48a7803433e550ee3) Importer(815301076,1909f56bfc062723c751e8b465ee728b)  -> (artifact id: '60580adcb185dc154920a50dce023450') in 0.009379 seconds 
  Import took 0.012451 seconds .

========================================================================
Received Import Request.
  Time since last request: 6.106608 seconds.
  path: Assets/Prefabs/enemy Variant.prefab
  artifactKey: Guid(96d4d9af2aac8244caad6fa26fe828c2) Importer(815301076,1909f56bfc062723c751e8b465ee728b)
Start importing Assets/Prefabs/enemy Variant.prefab using Guid(96d4d9af2aac8244caad6fa26fe828c2) Importer(815301076,1909f56bfc062723c751e8b465ee728b)  -> (artifact id: '2de3d928033c1a9b41a224da8ff48a0f') in 0.008057 seconds 
  Import took 0.011205 seconds .

========================================================================
Received Import Request.
  Time since last request: 5.197570 seconds.
  path: Assets/Prefabs/enemy Variant.prefab
  artifactKey: Guid(96d4d9af2aac8244caad6fa26fe828c2) Importer(815301076,1909f56bfc062723c751e8b465ee728b)
Start importing Assets/Prefabs/enemy Variant.prefab using Guid(96d4d9af2aac8244caad6fa26fe828c2) Importer(815301076,1909f56bfc062723c751e8b465ee728b)  -> (artifact id: '1e64e41995c3517afc6bf681103d386a') in 0.005809 seconds 
  Import took 0.008603 seconds .

========================================================================
Received Import Request.
  Time since last request: 54.161199 seconds.
  path: Assets/Materials/New Material.mat
  artifactKey: Guid(bc5d89bd411926c4fba7710cdab8ea2d) Importer(815301076,1909f56bfc062723c751e8b465ee728b)
Start importing Assets/Materials/New Material.mat using Guid(bc5d89bd411926c4fba7710cdab8ea2d) Importer(815301076,1909f56bfc062723c751e8b465ee728b)  -> (artifact id: '345970bede73957d2695a4be54c196b8') in 0.008684 seconds 
  Import took 0.012577 seconds .

========================================================================
Received Import Request.
  Time since last request: 14.528367 seconds.
  path: Assets/Materials/New Material 1.mat
  artifactKey: Guid(62b98899bfde5fe48921aa8f0e37c9c3) Importer(815301076,1909f56bfc062723c751e8b465ee728b)
Start importing Assets/Materials/New Material 1.mat using Guid(62b98899bfde5fe48921aa8f0e37c9c3) Importer(815301076,1909f56bfc062723c751e8b465ee728b)  -> (artifact id: 'a7cf85e6e88d84dc555c314c244a37d5') in 0.009518 seconds 
  Import took 0.012916 seconds .

========================================================================
Received Import Request.
  Time since last request: 86.997903 seconds.
  path: Assets/Prefabs/enemy Variant.prefab
  artifactKey: Guid(96d4d9af2aac8244caad6fa26fe828c2) Importer(815301076,1909f56bfc062723c751e8b465ee728b)
Start importing Assets/Prefabs/enemy Variant.prefab using Guid(96d4d9af2aac8244caad6fa26fe828c2) Importer(815301076,1909f56bfc062723c751e8b465ee728b)  -> (artifact id: '1bda614e0cdeb9c3e5a1a35e80b73400') in 0.008700 seconds 
  Import took 0.011909 seconds .

========================================================================
Received Import Request.
  Time since last request: 30.795002 seconds.
  path: Assets/Materials/New Material 2.mat
  artifactKey: Guid(a5dd23af799994c41b03c93ab697c167) Importer(815301076,1909f56bfc062723c751e8b465ee728b)
Start importing Assets/Materials/New Material 2.mat using Guid(a5dd23af799994c41b03c93ab697c167) Importer(815301076,1909f56bfc062723c751e8b465ee728b)  -> (artifact id: 'ffe8b64fb3b5279d9bfb796da71e4f7e') in 0.009243 seconds 
  Import took 0.011511 seconds .

========================================================================
Received Import Request.
  Time since last request: 112.105089 seconds.
  path: Assets/Texture/brick tile.jpg
  artifactKey: Guid(e4cd84890bdc79f4c87d87ce68c31875) Importer(815301076,1909f56bfc062723c751e8b465ee728b)
Start importing Assets/Texture/brick tile.jpg using Guid(e4cd84890bdc79f4c87d87ce68c31875) Importer(815301076,1909f56bfc062723c751e8b465ee728b)  -> (artifact id: 'bded0976351096dfd1bb70e1347e9e65') in 0.020783 seconds 
  Import took 0.024052 seconds .

========================================================================
Received Import Request.
  Time since last request: 43.291509 seconds.
  path: Assets/Materials/redenemy_mat.mat
  artifactKey: Guid(bc5d89bd411926c4fba7710cdab8ea2d) Importer(815301076,1909f56bfc062723c751e8b465ee728b)
Start importing Assets/Materials/redenemy_mat.mat using Guid(bc5d89bd411926c4fba7710cdab8ea2d) Importer(815301076,1909f56bfc062723c751e8b465ee728b)  -> (artifact id: '49693a4b07580bb5143fa7b2f0469cf1') in 0.010075 seconds 
  Import took 0.013348 seconds .

========================================================================
Received Import Request.
  Time since last request: 11.181991 seconds.
  path: Assets/Materials/blackenemy_mat.mat
  artifactKey: Guid(62b98899bfde5fe48921aa8f0e37c9c3) Importer(815301076,1909f56bfc062723c751e8b465ee728b)
Start importing Assets/Materials/blackenemy_mat.mat using Guid(62b98899bfde5fe48921aa8f0e37c9c3) Importer(815301076,1909f56bfc062723c751e8b465ee728b)  -> (artifact id: '28716a09db57657594aa02a8b9b101d1') in 0.008763 seconds 
  Import took 0.011145 seconds .

========================================================================
Received Import Request.
  Time since last request: 84.165448 seconds.
  path: Assets/Materials/albedo_mat.mat
  artifactKey: Guid(6c1a8a796f2e5864682b1d43e1a63ed7) Importer(815301076,1909f56bfc062723c751e8b465ee728b)
Start importing Assets/Materials/albedo_mat.mat using Guid(6c1a8a796f2e5864682b1d43e1a63ed7) Importer(815301076,1909f56bfc062723c751e8b465ee728b)  -> (artifact id: 'fcf2426ecfc369365cd1da57e47c715a') in 0.011430 seconds 
  Import took 0.014098 seconds .

========================================================================
Received Import Request.
  Time since last request: 0.000290 seconds.
  path: Assets/Materials/texture_mat.mat
  artifactKey: Guid(f1365b25ea17eb24db70f4a15229939b) Importer(815301076,1909f56bfc062723c751e8b465ee728b)
Start importing Assets/Materials/texture_mat.mat using Guid(f1365b25ea17eb24db70f4a15229939b) Importer(815301076,1909f56bfc062723c751e8b465ee728b)  -> (artifact id: '9ceda40d20f8a40ab5d8629b206bf85d') in 0.012019 seconds 
  Import took 0.014314 seconds .

========================================================================
Received Import Request.
  Time since last request: 0.000274 seconds.
  path: Assets/Materials/transparent_mat.mat
  artifactKey: Guid(3e9198cb69adf5e4ab81c2e8eee38ab4) Importer(815301076,1909f56bfc062723c751e8b465ee728b)
Start importing Assets/Materials/transparent_mat.mat using Guid(3e9198cb69adf5e4ab81c2e8eee38ab4) Importer(815301076,1909f56bfc062723c751e8b465ee728b)  -> (artifact id: 'fd67b85e84be8a98831dfd885527bdf8') in 0.035139 seconds 
  Import took 0.037984 seconds .

AssetImportWorkerClient::OnTransportError - code=2 error=End of file
